./103cipher.c:1: MINOR:C-O4
./103cipher.c:13: MAJOR:C-F6
./103cipher.c:23: MINOR:C-G7
./103cipher.c:33: MINOR:C-L3
./103cipher.c:35: MINOR:C-L2
./103cipher.c:37: MAJOR:C-F4
./103cipher.c:37: MINOR:C-L3
./103cipher.c:38: MAJOR:C-F3
./103cipher.c:38: MAJOR:C-F4
./103cipher.c:39: MAJOR:C-F4
./103cipher.c:39: MINOR:C-L2
./103cipher.c:40: MAJOR:C-F4
./103cipher.c:40: MINOR:C-L2
./103cipher.c:41: MAJOR:C-F4
./103cipher.c:42: MAJOR:C-F4
./103cipher.c:43: MAJOR:C-F4
./103cipher.c:44: MAJOR:C-F4
./103cipher.c:44: MINOR:C-L3
./103cipher.c:45: MAJOR:C-F4
./103cipher.c:46: MAJOR:C-F4
./103cipher.c:46: MINOR:C-G7
./103cipher.c:47: MAJOR:C-F4
./103cipher.c:48: MAJOR:C-F4
./103cipher.c:49: MAJOR:C-F4
./103cipher.c:50: MAJOR:C-F4
./103cipher.c:51: MAJOR:C-F4
./103cipher.c:52: MAJOR:C-F4
./103cipher.c:53: MAJOR:C-F4
./103cipher.c:53: MINOR:C-G7
./103cipher.c:54: MAJOR:C-F4
./103cipher.c:54: MINOR:C-L3
./103cipher.c:55: MAJOR:C-F3
./103cipher.c:55: MAJOR:C-F4
./103cipher.c:56: MAJOR:C-F3
./103cipher.c:56: MAJOR:C-F4
./103cipher.c:57: MAJOR:C-F3
./103cipher.c:57: MAJOR:C-F4
./103cipher.c:58: MAJOR:C-F4
./103cipher.c:59: MAJOR:C-F4
./103cipher.c:60: MAJOR:C-F4
./103cipher.c:61: MAJOR:C-F4
./103cipher.c:61: MINOR:C-L2
./103cipher.c:74: MINOR:C-G7
./103cipher.c:75: MINOR:C-L4
./usage.c:11: MINOR:C-F2
./usage.c:11: MAJOR:C-F6
./usage.c:14: MINOR:C-L2
./usage.c:15: MINOR:C-L2
./usage.c:16: MINOR:C-L2
./usage.c:17: MINOR:C-L2
./usage.c:18: MINOR:C-L2
